This file contains any messages produced by compilers while
running configure, to aid debugging if configure makes a mistake.

It was created by gen_c_glib configure 0.1, which was
generated by GNU Autoconf 2.69.  Invocation command line was

  $ ./configure 

## --------- ##
## Platform. ##
## --------- ##

hostname = COAMAC17000495.local
uname -m = x86_64
uname -r = 18.7.0
uname -s = Darwin
uname -v = Darwin Kernel Version 18.7.0: Tue Aug 20 16:57:14 PDT 2019; root:xnu-4903.271.2~2/RELEASE_X86_64

/usr/bin/uname -p = i386
/bin/uname -X     = unknown

/bin/arch              = unknown
/usr/bin/arch -k       = unknown
/usr/convex/getsysinfo = unknown
/usr/bin/hostinfo      = Mach kernel version:
	 Darwin Kernel Version 18.7.0: Tue Aug 20 16:57:14 PDT 2019; root:xnu-4903.271.2~2/RELEASE_X86_64
Kernel configured for up to 4 processors.
2 processors are physically available.
4 processors are logically available.
Processor type: x86_64h (Intel x86-64h Haswell)
Processors active: 0 1 2 3
Primary memory available: 16.00 gigabytes
Default processor set: 399 tasks, 2010 threads, 4 processors
Load average: 1.96, Mach factor: 2.03
/bin/machine           = unknown
/usr/bin/oslevel       = unknown
/bin/universe          = unknown

PATH: /usr/local/bin
PATH: /usr/bin
PATH: /bin
PATH: /usr/sbin
PATH: /sbin
PATH: /opt/X11/bin


## ----------- ##
## Core tests. ##
## ----------- ##

configure:2275: checking for a BSD-compatible install
configure:2343: result: /usr/local/bin/ginstall -c
configure:2354: checking whether build environment is sane
configure:2409: result: yes
configure:2560: checking for a thread-safe mkdir -p
configure:2599: result: /usr/local/bin/gmkdir -p
configure:2606: checking for gawk
configure:2636: result: no
configure:2606: checking for mawk
configure:2636: result: no
configure:2606: checking for nawk
configure:2636: result: no
configure:2606: checking for awk
configure:2622: found /usr/bin/awk
configure:2633: result: awk
configure:2644: checking whether make sets $(MAKE)
configure:2666: result: yes
configure:2695: checking whether make supports nested variables
configure:2712: result: yes
configure:2891: checking for gcc
configure:2907: found /usr/bin/gcc
configure:2918: result: gcc
configure:3147: checking for C compiler version
configure:3156: gcc --version >&5
Apple LLVM version 10.0.1 (clang-1001.0.46.4)
Target: x86_64-apple-darwin18.7.0
Thread model: posix
InstalledDir: /Library/Developer/CommandLineTools/usr/bin
Configured with: --prefix=/Library/Developer/CommandLineTools/usr --with-gxx-include-dir=/Library/Developer/CommandLineTools/SDKs/MacOSX10.14.sdk/usr/include/c++/4.2.1
configure:3167: $? = 0
configure:3156: gcc -v >&5
Configured with: --prefix=/Library/Developer/CommandLineTools/usr --with-gxx-include-dir=/Library/Developer/CommandLineTools/SDKs/MacOSX10.14.sdk/usr/include/c++/4.2.1
Apple LLVM version 10.0.1 (clang-1001.0.46.4)
Target: x86_64-apple-darwin18.7.0
Thread model: posix
InstalledDir: /Library/Developer/CommandLineTools/usr/bin
configure:3167: $? = 0
configure:3156: gcc -V >&5
clang: error: unsupported option '-V -Wno-atomic-implicit-seq-cst'
clang: error: no input files
configure:3167: $? = 1
configure:3156: gcc -qversion >&5
clang: error: unknown argument '-qversion', did you mean '--version'?
clang: error: no input files
configure:3167: $? = 1
configure:3187: checking whether the C compiler works
configure:3209: gcc    conftest.c  >&5
configure:3213: $? = 0
configure:3261: result: yes
configure:3264: checking for C compiler default output file name
configure:3266: result: a.out
configure:3272: checking for suffix of executables
configure:3279: gcc -o conftest    conftest.c  >&5
configure:3283: $? = 0
configure:3305: result: 
configure:3327: checking whether we are cross compiling
configure:3335: gcc -o conftest    conftest.c  >&5
configure:3339: $? = 0
configure:3346: ./conftest
configure:3350: $? = 0
configure:3365: result: no
configure:3370: checking for suffix of object files
configure:3392: gcc -c   conftest.c >&5
configure:3396: $? = 0
configure:3417: result: o
configure:3421: checking whether we are using the GNU C compiler
configure:3440: gcc -c   conftest.c >&5
configure:3440: $? = 0
configure:3449: result: yes
configure:3458: checking whether gcc accepts -g
configure:3478: gcc -c -g  conftest.c >&5
configure:3478: $? = 0
configure:3519: result: yes
configure:3536: checking for gcc option to accept ISO C89
configure:3599: gcc  -c -g -O2  conftest.c >&5
configure:3599: $? = 0
configure:3612: result: none needed
configure:3637: checking whether gcc understands -c and -o together
configure:3659: gcc -c conftest.c -o conftest2.o
configure:3662: $? = 0
configure:3659: gcc -c conftest.c -o conftest2.o
configure:3662: $? = 0
configure:3674: result: yes
configure:3694: checking whether make supports the include directive
configure:3709: make -f confmf.GNU && cat confinc.out
this is the am__doit target
configure:3712: $? = 0
configure:3731: result: yes (GNU style)
configure:3756: checking dependency style of gcc
configure:3867: result: gcc3
configure:3885: checking for main in -lglib-2.0
configure:3904: gcc -o conftest -g -O2   conftest.c -lglib-2.0   >&5
configure:3904: $? = 0
configure:3913: result: yes
configure:3924: checking for main in -lgobject-2.0
configure:3943: gcc -o conftest -g -O2   conftest.c -lgobject-2.0  -lglib-2.0  >&5
configure:3943: $? = 0
configure:3952: result: yes
configure:3963: checking for main in -lgmodule-2.0
configure:3982: gcc -o conftest -g -O2   conftest.c -lgmodule-2.0  -lgobject-2.0 -lglib-2.0  >&5
configure:3982: $? = 0
configure:3991: result: yes
configure:4002: checking for main in -lgio-2.0
configure:4021: gcc -o conftest -g -O2   conftest.c -lgio-2.0  -lgmodule-2.0 -lgobject-2.0 -lglib-2.0  >&5
configure:4021: $? = 0
configure:4030: result: yes
configure:4041: checking for main in -ldb
configure:4060: gcc -o conftest -g -O2   conftest.c -ldb  -lgio-2.0 -lgmodule-2.0 -lgobject-2.0 -lglib-2.0  >&5
configure:4060: $? = 0
configure:4069: result: yes
configure:4087: checking how to run the C preprocessor
configure:4118: gcc -E  conftest.c
configure:4118: $? = 0
configure:4132: gcc -E  conftest.c
conftest.c:16:10: fatal error: 'ac_nonexistent.h' file not found
#include <ac_nonexistent.h>
         ^~~~~~~~~~~~~~~~~~
1 error generated.
configure:4132: $? = 1
configure: failed program was:
| /* confdefs.h */
| #define PACKAGE_NAME "gen_c_glib"
| #define PACKAGE_TARNAME "gen_c_glib"
| #define PACKAGE_VERSION "0.1"
| #define PACKAGE_STRING "gen_c_glib 0.1"
| #define PACKAGE_BUGREPORT "atsuya.tange01@g.softbank.co.jp"
| #define PACKAGE_URL ""
| #define PACKAGE "gen_c_glib"
| #define VERSION "0.1"
| #define HAVE_LIBGLIB_2_0 1
| #define HAVE_LIBGOBJECT_2_0 1
| #define HAVE_LIBGMODULE_2_0 1
| #define HAVE_LIBGIO_2_0 1
| #define HAVE_LIBDB 1
| /* end confdefs.h.  */
| #include <ac_nonexistent.h>
configure:4157: result: gcc -E
configure:4177: gcc -E  conftest.c
configure:4177: $? = 0
configure:4191: gcc -E  conftest.c
conftest.c:16:10: fatal error: 'ac_nonexistent.h' file not found
#include <ac_nonexistent.h>
         ^~~~~~~~~~~~~~~~~~
1 error generated.
configure:4191: $? = 1
configure: failed program was:
| /* confdefs.h */
| #define PACKAGE_NAME "gen_c_glib"
| #define PACKAGE_TARNAME "gen_c_glib"
| #define PACKAGE_VERSION "0.1"
| #define PACKAGE_STRING "gen_c_glib 0.1"
| #define PACKAGE_BUGREPORT "atsuya.tange01@g.softbank.co.jp"
| #define PACKAGE_URL ""
| #define PACKAGE "gen_c_glib"
| #define VERSION "0.1"
| #define HAVE_LIBGLIB_2_0 1
| #define HAVE_LIBGOBJECT_2_0 1
| #define HAVE_LIBGMODULE_2_0 1
| #define HAVE_LIBGIO_2_0 1
| #define HAVE_LIBDB 1
| /* end confdefs.h.  */
| #include <ac_nonexistent.h>
configure:4220: checking for grep that handles long lines and -e
configure:4278: result: /usr/bin/grep
configure:4283: checking for egrep
configure:4345: result: /usr/bin/grep -E
configure:4350: checking for ANSI C header files
configure:4370: gcc -c -g -O2  conftest.c >&5
configure:4370: $? = 0
configure:4443: gcc -o conftest -g -O2   conftest.c -ldb -lgio-2.0 -lgmodule-2.0 -lgobject-2.0 -lglib-2.0  >&5
configure:4443: $? = 0
configure:4443: ./conftest
configure:4443: $? = 0
configure:4454: result: yes
configure:4467: checking for sys/types.h
configure:4467: gcc -c -g -O2  conftest.c >&5
configure:4467: $? = 0
configure:4467: result: yes
configure:4467: checking for sys/stat.h
configure:4467: gcc -c -g -O2  conftest.c >&5
configure:4467: $? = 0
configure:4467: result: yes
configure:4467: checking for stdlib.h
configure:4467: gcc -c -g -O2  conftest.c >&5
configure:4467: $? = 0
configure:4467: result: yes
configure:4467: checking for string.h
configure:4467: gcc -c -g -O2  conftest.c >&5
configure:4467: $? = 0
configure:4467: result: yes
configure:4467: checking for memory.h
configure:4467: gcc -c -g -O2  conftest.c >&5
configure:4467: $? = 0
configure:4467: result: yes
configure:4467: checking for strings.h
configure:4467: gcc -c -g -O2  conftest.c >&5
configure:4467: $? = 0
configure:4467: result: yes
configure:4467: checking for inttypes.h
configure:4467: gcc -c -g -O2  conftest.c >&5
configure:4467: $? = 0
configure:4467: result: yes
configure:4467: checking for stdint.h
configure:4467: gcc -c -g -O2  conftest.c >&5
configure:4467: $? = 0
configure:4467: result: yes
configure:4467: checking for unistd.h
configure:4467: gcc -c -g -O2  conftest.c >&5
configure:4467: $? = 0
configure:4467: result: yes
configure:4481: checking for string.h
configure:4481: result: yes
configure:4493: checking stdio.h usability
configure:4493: gcc -c -g -O2  conftest.c >&5
configure:4493: $? = 0
configure:4493: result: yes
configure:4493: checking stdio.h presence
configure:4493: gcc -E  conftest.c
configure:4493: $? = 0
configure:4493: result: yes
configure:4493: checking for stdio.h
configure:4493: result: yes
configure:4508: checking for string.h
configure:4508: result: yes
configure:4576: checking for pkg-config
configure:4594: found /usr/local/bin/pkg-config
configure:4606: result: /usr/local/bin/pkg-config
configure:4631: checking pkg-config is at least version 0.9.0
configure:4634: result: yes
configure:4644: checking for glib-2.0
configure:4651: $PKG_CONFIG --exists --print-errors "glib-2.0"
configure:4654: $? = 0
configure:4668: $PKG_CONFIG --exists --print-errors "glib-2.0"
configure:4671: $? = 0
configure:4729: result: yes
configure:4769: checking build system type
configure:4783: result: x86_64-apple-darwin18.7.0
configure:4803: checking host system type
configure:4816: result: x86_64-apple-darwin18.7.0
configure:4857: checking how to print strings
configure:4884: result: printf
configure:4905: checking for a sed that does not truncate output
configure:4969: result: /usr/bin/sed
configure:4987: checking for fgrep
configure:5049: result: /usr/bin/grep -F
configure:5084: checking for ld used by gcc
configure:5151: result: /Library/Developer/CommandLineTools/usr/bin/ld
configure:5158: checking if the linker (/Library/Developer/CommandLineTools/usr/bin/ld) is GNU ld
configure:5173: result: no
configure:5185: checking for BSD- or MS-compatible name lister (nm)
configure:5239: result: /usr/bin/nm -B
configure:5369: checking the name lister (/usr/bin/nm -B) interface
configure:5376: gcc -c -g -O2  conftest.c >&5
configure:5379: /usr/bin/nm -B "conftest.o"
configure:5382: output
00000000000001d8 S _some_variable
configure:5389: result: BSD nm
configure:5392: checking whether ln -s works
configure:5396: result: yes
configure:5404: checking the maximum length of command line arguments
configure:5535: result: 196608
configure:5583: checking how to convert x86_64-apple-darwin18.7.0 file names to x86_64-apple-darwin18.7.0 format
configure:5623: result: func_convert_file_noop
configure:5630: checking how to convert x86_64-apple-darwin18.7.0 file names to toolchain format
configure:5650: result: func_convert_file_noop
configure:5657: checking for /Library/Developer/CommandLineTools/usr/bin/ld option to reload object files
configure:5664: result: -r
configure:5738: checking for objdump
configure:5754: found /usr/bin/objdump
configure:5765: result: objdump
configure:5797: checking how to recognize dependent libraries
configure:5997: result: pass_all
configure:6082: checking for dlltool
configure:6112: result: no
configure:6142: checking how to associate runtime and link libraries
configure:6169: result: printf %s\n
configure:6229: checking for ar
configure:6245: found /usr/bin/ar
configure:6256: result: ar
configure:6293: checking for archiver @FILE support
configure:6310: gcc -c -g -O2  conftest.c >&5
configure:6310: $? = 0
configure:6313: ar cru libconftest.a @conftest.lst >&5
ar: @conftest.lst: No such file or directory
configure:6316: $? = 1
configure:6336: result: no
configure:6394: checking for strip
configure:6410: found /usr/bin/strip
configure:6421: result: strip
configure:6493: checking for ranlib
configure:6509: found /usr/bin/ranlib
configure:6520: result: ranlib
configure:6622: checking command to parse /usr/bin/nm -B output from gcc object
configure:6775: gcc -c -g -O2  conftest.c >&5
configure:6778: $? = 0
configure:6782: /usr/bin/nm -B conftest.o \| sed -n -e 's/^.*[ ]\([BCDEGRST][BCDEGRST]*\)[ ][ ]*\([_A-Za-z][_A-Za-z0-9]*\)$/\1 \2 \2/p' | sed '/ __gnu_lto/d' \> conftest.nm
configure:6785: $? = 0
cannot find nm_test_var in conftest.nm
configure:6775: gcc -c -g -O2  conftest.c >&5
configure:6778: $? = 0
configure:6782: /usr/bin/nm -B conftest.o \| sed -n -e 's/^.*[ ]\([BCDEGRST][BCDEGRST]*\)[ ][ ]*_\([_A-Za-z][_A-Za-z0-9]*\)$/\1 _\2 \2/p' | sed '/ __gnu_lto/d' \> conftest.nm
configure:6785: $? = 0
configure:6851: gcc -o conftest -g -O2   conftest.c conftstm.o >&5
warning: (x86_64)  could not find object file symbol for symbol _main
configure:6854: $? = 0
configure:6892: result: ok
configure:6939: checking for sysroot
configure:6969: result: no
configure:6976: checking for a working dd
configure:7014: result: /bin/dd
configure:7018: checking how to truncate binary pipes
configure:7033: result: /bin/dd bs=4096 count=1
configure:7362: checking for mt
configure:7392: result: no
configure:7412: checking if : is a manifest tool
configure:7418: : '-?'
configure:7426: result: no
configure:7482: checking for dsymutil
configure:7498: found /usr/bin/dsymutil
configure:7509: result: dsymutil
configure:7574: checking for nmedit
configure:7590: found /usr/bin/nmedit
configure:7601: result: nmedit
configure:7666: checking for lipo
configure:7682: found /usr/bin/lipo
configure:7693: result: lipo
configure:7758: checking for otool
configure:7774: found /usr/bin/otool
configure:7785: result: otool
configure:7850: checking for otool64
configure:7880: result: no
configure:7925: checking for -single_module linker flag
gcc -g -O2  -o libconftest.dylib -dynamiclib -Wl,-single_module conftest.c
configure:7958: result: yes
configure:7961: checking for -exported_symbols_list linker flag
configure:7981: gcc -o conftest -g -O2   -Wl,-exported_symbols_list,conftest.sym conftest.c -ldb -lgio-2.0 -lgmodule-2.0 -lgobject-2.0 -lglib-2.0  >&5
configure:7981: $? = 0
configure:7991: result: yes
configure:7994: checking for -force_load linker flag
gcc -g -O2 -c -o conftest.o conftest.c
ar cru libconftest.a conftest.o
ranlib libconftest.a
gcc -g -O2  -o conftest conftest.c -Wl,-force_load,./libconftest.a
configure:8026: result: yes
configure:8095: checking for dlfcn.h
configure:8095: gcc -c -g -O2  conftest.c >&5
configure:8095: $? = 0
configure:8095: result: yes
configure:8351: checking for objdir
configure:8366: result: .libs
configure:8630: checking if gcc supports -fno-rtti -fno-exceptions
configure:8648: gcc -c -g -O2  -fno-rtti -fno-exceptions conftest.c >&5
configure:8652: $? = 0
configure:8665: result: yes
configure:9023: checking for gcc option to produce PIC
configure:9030: result: -fno-common -DPIC
configure:9038: checking if gcc PIC flag -fno-common -DPIC works
configure:9056: gcc -c -g -O2  -fno-common -DPIC -DPIC conftest.c >&5
configure:9060: $? = 0
configure:9073: result: yes
configure:9102: checking if gcc static flag -static works
configure:9130: result: no
configure:9145: checking if gcc supports -c -o file.o
configure:9166: gcc -c -g -O2  -o out/conftest2.o conftest.c >&5
configure:9170: $? = 0
configure:9192: result: yes
configure:9200: checking if gcc supports -c -o file.o
configure:9247: result: yes
configure:9280: checking whether the gcc linker (/Library/Developer/CommandLineTools/usr/bin/ld) supports shared libraries
configure:10539: result: yes
configure:10779: checking dynamic linker characteristics
configure:11597: result: darwin18.7.0 dyld
configure:11719: checking how to hardcode library paths into programs
configure:11744: result: immediate
configure:12292: checking whether stripping libraries is possible
configure:12306: result: yes
configure:12332: checking if libtool supports shared libraries
configure:12334: result: yes
configure:12337: checking whether to build shared libraries
configure:12362: result: yes
configure:12365: checking whether to build static libraries
configure:12369: result: yes
configure:12517: checking that generated files are newer than configure
configure:12523: result: done
configure:12546: creating ./config.status

## ---------------------- ##
## Running config.status. ##
## ---------------------- ##

This file was extended by gen_c_glib config.status 0.1, which was
generated by GNU Autoconf 2.69.  Invocation command line was

  CONFIG_FILES    = 
  CONFIG_HEADERS  = 
  CONFIG_LINKS    = 
  CONFIG_COMMANDS = 
  $ ./config.status 

on COAMAC17000495.local

config.status:1096: creating Makefile
config.status:1096: creating config.h
config.status:1277: config.h is unchanged
config.status:1325: executing depfiles commands
config.status:1402: cd .       && sed -e '/# am--include-marker/d' Makefile         | make -f - am--depfiles
make: Nothing to be done for `am--depfiles'.
config.status:1407: $? = 0
config.status:1325: executing libtool commands

## ---------------- ##
## Cache variables. ##
## ---------------- ##

ac_cv_build=x86_64-apple-darwin18.7.0
ac_cv_c_compiler_gnu=yes
ac_cv_env_CC_set=
ac_cv_env_CC_value=
ac_cv_env_CFLAGS_set=
ac_cv_env_CFLAGS_value=
ac_cv_env_CPPFLAGS_set=
ac_cv_env_CPPFLAGS_value=
ac_cv_env_CPP_set=
ac_cv_env_CPP_value=
ac_cv_env_GLIB_CFLAGS_set=
ac_cv_env_GLIB_CFLAGS_value=
ac_cv_env_GLIB_LIBS_set=
ac_cv_env_GLIB_LIBS_value=
ac_cv_env_LDFLAGS_set=
ac_cv_env_LDFLAGS_value=
ac_cv_env_LIBS_set=
ac_cv_env_LIBS_value=
ac_cv_env_LT_SYS_LIBRARY_PATH_set=
ac_cv_env_LT_SYS_LIBRARY_PATH_value=
ac_cv_env_PKG_CONFIG_LIBDIR_set=
ac_cv_env_PKG_CONFIG_LIBDIR_value=
ac_cv_env_PKG_CONFIG_PATH_set=
ac_cv_env_PKG_CONFIG_PATH_value=
ac_cv_env_PKG_CONFIG_set=
ac_cv_env_PKG_CONFIG_value=
ac_cv_env_build_alias_set=
ac_cv_env_build_alias_value=
ac_cv_env_host_alias_set=
ac_cv_env_host_alias_value=
ac_cv_env_target_alias_set=
ac_cv_env_target_alias_value=
ac_cv_header_dlfcn_h=yes
ac_cv_header_inttypes_h=yes
ac_cv_header_memory_h=yes
ac_cv_header_stdc=yes
ac_cv_header_stdint_h=yes
ac_cv_header_stdio_h=yes
ac_cv_header_stdlib_h=yes
ac_cv_header_string_h=yes
ac_cv_header_strings_h=yes
ac_cv_header_sys_stat_h=yes
ac_cv_header_sys_types_h=yes
ac_cv_header_unistd_h=yes
ac_cv_host=x86_64-apple-darwin18.7.0
ac_cv_lib_db_main=yes
ac_cv_lib_gio_2_0_main=yes
ac_cv_lib_glib_2_0_main=yes
ac_cv_lib_gmodule_2_0_main=yes
ac_cv_lib_gobject_2_0_main=yes
ac_cv_objext=o
ac_cv_path_EGREP='/usr/bin/grep -E'
ac_cv_path_FGREP='/usr/bin/grep -F'
ac_cv_path_GREP=/usr/bin/grep
ac_cv_path_SED=/usr/bin/sed
ac_cv_path_ac_pt_PKG_CONFIG=/usr/local/bin/pkg-config
ac_cv_path_install='/usr/local/bin/ginstall -c'
ac_cv_path_lt_DD=/bin/dd
ac_cv_path_mkdir=/usr/local/bin/gmkdir
ac_cv_prog_AWK=awk
ac_cv_prog_CPP='gcc -E'
ac_cv_prog_ac_ct_AR=ar
ac_cv_prog_ac_ct_CC=gcc
ac_cv_prog_ac_ct_DSYMUTIL=dsymutil
ac_cv_prog_ac_ct_LIPO=lipo
ac_cv_prog_ac_ct_NMEDIT=nmedit
ac_cv_prog_ac_ct_OBJDUMP=objdump
ac_cv_prog_ac_ct_OTOOL=otool
ac_cv_prog_ac_ct_RANLIB=ranlib
ac_cv_prog_ac_ct_STRIP=strip
ac_cv_prog_cc_c89=
ac_cv_prog_cc_g=yes
ac_cv_prog_make_make_set=yes
am_cv_CC_dependencies_compiler_type=gcc3
am_cv_make_support_nested_variables=yes
am_cv_prog_cc_c_o=yes
lt_cv_apple_cc_single_mod=yes
lt_cv_ar_at_file=no
lt_cv_deplibs_check_method=pass_all
lt_cv_file_magic_cmd='$MAGIC_CMD'
lt_cv_file_magic_test_file=
lt_cv_ld_exported_symbols_list=yes
lt_cv_ld_force_load=yes
lt_cv_ld_reload_flag=-r
lt_cv_nm_interface='BSD nm'
lt_cv_objdir=.libs
lt_cv_path_LD=/Library/Developer/CommandLineTools/usr/bin/ld
lt_cv_path_NM='/usr/bin/nm -B'
lt_cv_path_mainfest_tool=no
lt_cv_prog_compiler_c_o=yes
lt_cv_prog_compiler_pic='-fno-common -DPIC'
lt_cv_prog_compiler_pic_works=yes
lt_cv_prog_compiler_rtti_exceptions=yes
lt_cv_prog_compiler_static_works=no
lt_cv_prog_gnu_ld=no
lt_cv_sharedlib_from_linklib_cmd='printf %s\n'
lt_cv_sys_global_symbol_pipe='sed -n -e '\''s/^.*[	 ]\([BCDEGRST][BCDEGRST]*\)[	 ][	 ]*_\([_A-Za-z][_A-Za-z0-9]*\)$/\1 _\2 \2/p'\'' | sed '\''/ __gnu_lto/d'\'''
lt_cv_sys_global_symbol_to_c_name_address='sed -n -e '\''s/^: \(.*\) .*$/  {"\1", (void *) 0},/p'\'' -e '\''s/^[BCDEGRST][BCDEGRST]* .* \(.*\)$/  {"\1", (void *) \&\1},/p'\'''
lt_cv_sys_global_symbol_to_c_name_address_lib_prefix='sed -n -e '\''s/^: \(.*\) .*$/  {"\1", (void *) 0},/p'\'' -e '\''s/^[BCDEGRST][BCDEGRST]* .* \(lib.*\)$/  {"\1", (void *) \&\1},/p'\'' -e '\''s/^[BCDEGRST][BCDEGRST]* .* \(.*\)$/  {"lib\1", (void *) \&\1},/p'\'''
lt_cv_sys_global_symbol_to_cdecl='sed -n -e '\''s/^T .* \(.*\)$/extern int \1();/p'\'' -e '\''s/^[BCDEGRST][BCDEGRST]* .* \(.*\)$/extern char \1;/p'\'''
lt_cv_sys_global_symbol_to_import=
lt_cv_sys_max_cmd_len=196608
lt_cv_to_host_file_cmd=func_convert_file_noop
lt_cv_to_tool_file_cmd=func_convert_file_noop
lt_cv_truncate_bin='/bin/dd bs=4096 count=1'
pkg_cv_GLIB_CFLAGS='-I/usr/local/Cellar/glib/2.64.4/include/glib-2.0 -I/usr/local/Cellar/glib/2.64.4/lib/glib-2.0/include -I/usr/local/opt/gettext/include -I/usr/local/Cellar/pcre/8.44/include'
pkg_cv_GLIB_LIBS='-L/usr/local/Cellar/glib/2.64.4/lib -L/usr/local/opt/gettext/lib -lglib-2.0 -lintl'

## ----------------- ##
## Output variables. ##
## ----------------- ##

ACLOCAL='${SHELL} /Users/tangea66/oss/thbdb/src/missing aclocal-1.16'
AMDEPBACKSLASH='\'
AMDEP_FALSE='#'
AMDEP_TRUE=''
AMTAR='$${TAR-tar}'
AM_BACKSLASH='\'
AM_DEFAULT_V='$(AM_DEFAULT_VERBOSITY)'
AM_DEFAULT_VERBOSITY='1'
AM_V='$(V)'
AR='ar'
AUTOCONF='${SHELL} /Users/tangea66/oss/thbdb/src/missing autoconf'
AUTOHEADER='${SHELL} /Users/tangea66/oss/thbdb/src/missing autoheader'
AUTOMAKE='${SHELL} /Users/tangea66/oss/thbdb/src/missing automake-1.16'
AWK='awk'
CC='gcc'
CCDEPMODE='depmode=gcc3'
CFLAGS='-g -O2'
CPP='gcc -E'
CPPFLAGS=''
CYGPATH_W='echo'
DEFS='-DHAVE_CONFIG_H'
DEPDIR='.deps'
DLLTOOL='false'
DSYMUTIL='dsymutil'
DUMPBIN=''
ECHO_C='\c'
ECHO_N=''
ECHO_T=''
EGREP='/usr/bin/grep -E'
EXEEXT=''
FGREP='/usr/bin/grep -F'
GLIB_CFLAGS='-I/usr/local/Cellar/glib/2.64.4/include/glib-2.0 -I/usr/local/Cellar/glib/2.64.4/lib/glib-2.0/include -I/usr/local/opt/gettext/include -I/usr/local/Cellar/pcre/8.44/include'
GLIB_LIBS='-L/usr/local/Cellar/glib/2.64.4/lib -L/usr/local/opt/gettext/lib -lglib-2.0 -lintl'
GREP='/usr/bin/grep'
INSTALL_DATA='${INSTALL} -m 644'
INSTALL_PROGRAM='${INSTALL}'
INSTALL_SCRIPT='${INSTALL}'
INSTALL_STRIP_PROGRAM='$(install_sh) -c -s'
LD='/Library/Developer/CommandLineTools/usr/bin/ld'
LDFLAGS=''
LIBOBJS=''
LIBS='-ldb -lgio-2.0 -lgmodule-2.0 -lgobject-2.0 -lglib-2.0 '
LIBTOOL='$(SHELL) $(top_builddir)/libtool'
LIPO='lipo'
LN_S='ln -s'
LTLIBOBJS=''
LT_SYS_LIBRARY_PATH=''
MAKEINFO='${SHELL} /Users/tangea66/oss/thbdb/src/missing makeinfo'
MANIFEST_TOOL=':'
MKDIR_P='/usr/local/bin/gmkdir -p'
NM='/usr/bin/nm -B'
NMEDIT='nmedit'
OBJDUMP='objdump'
OBJEXT='o'
OTOOL64=':'
OTOOL='otool'
PACKAGE='gen_c_glib'
PACKAGE_BUGREPORT='atsuya.tange01@g.softbank.co.jp'
PACKAGE_NAME='gen_c_glib'
PACKAGE_STRING='gen_c_glib 0.1'
PACKAGE_TARNAME='gen_c_glib'
PACKAGE_URL=''
PACKAGE_VERSION='0.1'
PATH_SEPARATOR=':'
PKG_CONFIG='/usr/local/bin/pkg-config'
PKG_CONFIG_LIBDIR=''
PKG_CONFIG_PATH=''
RANLIB='ranlib'
SED='/usr/bin/sed'
SET_MAKE=''
SHELL='/bin/sh'
STRIP='strip'
VERSION='0.1'
ac_ct_AR='ar'
ac_ct_CC='gcc'
ac_ct_DUMPBIN=''
am__EXEEXT_FALSE=''
am__EXEEXT_TRUE='#'
am__fastdepCC_FALSE='#'
am__fastdepCC_TRUE=''
am__include='include'
am__isrc=''
am__leading_dot='.'
am__nodep='_no'
am__quote=''
am__tar='$${TAR-tar} chof - "$$tardir"'
am__untar='$${TAR-tar} xf -'
bindir='${exec_prefix}/bin'
build='x86_64-apple-darwin18.7.0'
build_alias=''
build_cpu='x86_64'
build_os='darwin18.7.0'
build_vendor='apple'
datadir='${datarootdir}'
datarootdir='${prefix}/share'
docdir='${datarootdir}/doc/${PACKAGE_TARNAME}'
dvidir='${docdir}'
exec_prefix='${prefix}'
host='x86_64-apple-darwin18.7.0'
host_alias=''
host_cpu='x86_64'
host_os='darwin18.7.0'
host_vendor='apple'
htmldir='${docdir}'
includedir='${prefix}/include'
infodir='${datarootdir}/info'
install_sh='${SHELL} /Users/tangea66/oss/thbdb/src/install-sh'
libdir='${exec_prefix}/lib'
libexecdir='${exec_prefix}/libexec'
localedir='${datarootdir}/locale'
localstatedir='${prefix}/var'
mandir='${datarootdir}/man'
mkdir_p='$(MKDIR_P)'
oldincludedir='/usr/include'
pdfdir='${docdir}'
prefix='/usr/local'
program_transform_name='s,x,x,'
psdir='${docdir}'
sbindir='${exec_prefix}/sbin'
sharedstatedir='${prefix}/com'
sysconfdir='${prefix}/etc'
target_alias=''

## ----------- ##
## confdefs.h. ##
## ----------- ##

/* confdefs.h */
#define PACKAGE_NAME "gen_c_glib"
#define PACKAGE_TARNAME "gen_c_glib"
#define PACKAGE_VERSION "0.1"
#define PACKAGE_STRING "gen_c_glib 0.1"
#define PACKAGE_BUGREPORT "atsuya.tange01@g.softbank.co.jp"
#define PACKAGE_URL ""
#define PACKAGE "gen_c_glib"
#define VERSION "0.1"
#define HAVE_LIBGLIB_2_0 1
#define HAVE_LIBGOBJECT_2_0 1
#define HAVE_LIBGMODULE_2_0 1
#define HAVE_LIBGIO_2_0 1
#define HAVE_LIBDB 1
#define STDC_HEADERS 1
#define HAVE_SYS_TYPES_H 1
#define HAVE_SYS_STAT_H 1
#define HAVE_STDLIB_H 1
#define HAVE_STRING_H 1
#define HAVE_MEMORY_H 1
#define HAVE_STRINGS_H 1
#define HAVE_INTTYPES_H 1
#define HAVE_STDINT_H 1
#define HAVE_UNISTD_H 1
#define HAVE_STRING_H 1
#define HAVE_STDIO_H 1
#define HAVE_STDIO_H 1
#define HAVE_STRING_H 1
#define HAVE_STRING_H 1
#define HAVE_DLFCN_H 1
#define LT_OBJDIR ".libs/"

configure: exit 0

## ---------------------- ##
## Running config.status. ##
## ---------------------- ##

This file was extended by gen_c_glib config.status 0.1, which was
generated by GNU Autoconf 2.69.  Invocation command line was

  CONFIG_FILES    = 
  CONFIG_HEADERS  = 
  CONFIG_LINKS    = 
  CONFIG_COMMANDS = 
  $ ./config.status config.h

on COAMAC17000495.local

config.status:1096: creating config.h
